[0m20:10:57.126988 [debug] [MainThread]: Sending event: {'category': 'dbt', 'action': 'invocation', 'label': 'start', 'context': [<snowplow_tracker.self_describing_json.SelfDescribingJson object at 0x000002831781A3F0>, <snowplow_tracker.self_describing_json.SelfDescribingJson object at 0x0000028317ADB3B0>, <snowplow_tracker.self_describing_json.SelfDescribingJson object at 0x0000028317CFA630>]}


============================== 20:10:57.150307 | 2216f410-cad4-4b93-8512-9c1648d75e95 ==============================
[0m20:10:57.150307 [info ] [MainThread]: Running with dbt=1.11.7
[0m20:10:57.150307 [debug] [MainThread]: running dbt with arguments {'version_check': 'True', 'no_print': 'None', 'static_parser': 'True', 'target_path': 'None', 'warn_error_options': 'WarnErrorOptionsV2(error=[], warn=[], silence=[])', 'printer_width': '80', 'write_json': 'True', 'introspect': 'True', 'log_cache_events': 'False', 'empty': 'None', 'cache_selected_only': 'False', 'log_format': 'default', 'debug': 'False', 'fail_fast': 'False', 'partial_parse': 'True', 'send_anonymous_usage_stats': 'True', 'quiet': 'False', 'warn_error': 'None', 'profiles_dir': 'C:\\Users\\patry\\.dbt', 'indirect_selection': 'eager', 'invocation_command': 'dbt init --skip-profile-setup airbnb', 'use_colors': 'True', 'use_experimental_parser': 'False', 'log_path': 'logs'}
[0m20:10:57.210299 [debug] [MainThread]: Starter project path: C:\Users\patry\Repos\dbt-course\.venv\Lib\site-packages\dbt\include\starter_project
[0m20:10:57.229322 [info ] [MainThread]: 
Your new dbt project "airbnb" was created!

For more information on how to configure the profiles.yml file,
please consult the dbt documentation here:

  https://docs.getdbt.com/docs/configure-your-profile

One more thing:

Need help? Don't hesitate to reach out to us via GitHub issues or on Slack:

  https://community.getdbt.com/

Happy modeling!

[0m20:10:57.230315 [debug] [MainThread]: Command `dbt init` succeeded at 20:10:57.230315 after 0.20 seconds
[0m20:10:57.230315 [debug] [MainThread]: Sending event: {'category': 'dbt', 'action': 'invocation', 'label': 'end', 'context': [<snowplow_tracker.self_describing_json.SelfDescribingJson object at 0x0000028317180050>, <snowplow_tracker.self_describing_json.SelfDescribingJson object at 0x0000028317ADB3B0>, <snowplow_tracker.self_describing_json.SelfDescribingJson object at 0x0000028317CFA630>]}
[0m20:10:57.230315 [debug] [MainThread]: Flushing usage events
[0m20:10:58.101959 [debug] [MainThread]: An error was encountered while trying to flush usage events
[0m20:11:33.993677 [debug] [MainThread]: Sending event: {'category': 'dbt', 'action': 'invocation', 'label': 'start', 'context': [<snowplow_tracker.self_describing_json.SelfDescribingJson object at 0x00000218DA695DF0>, <snowplow_tracker.self_describing_json.SelfDescribingJson object at 0x00000218DAD71670>, <snowplow_tracker.self_describing_json.SelfDescribingJson object at 0x00000218D768B350>]}


============================== 20:11:33.996679 | aad0c1ed-5b4a-405b-850a-71c36d6949d9 ==============================
[0m20:11:33.996679 [info ] [MainThread]: Running with dbt=1.11.7
[0m20:11:33.997679 [debug] [MainThread]: running dbt with arguments {'static_parser': 'True', 'no_print': 'None', 'version_check': 'True', 'warn_error_options': 'WarnErrorOptionsV2(error=[], warn=[], silence=[])', 'target_path': 'None', 'printer_width': '80', 'write_json': 'True', 'introspect': 'True', 'log_cache_events': 'False', 'empty': 'None', 'cache_selected_only': 'False', 'log_format': 'default', 'debug': 'False', 'fail_fast': 'False', 'partial_parse': 'True', 'send_anonymous_usage_stats': 'True', 'quiet': 'False', 'warn_error': 'None', 'profiles_dir': 'C:\\Users\\patry\\.dbt', 'invocation_command': 'dbt debug', 'use_colors': 'True', 'indirect_selection': 'eager', 'use_experimental_parser': 'False', 'log_path': 'logs'}
[0m20:11:34.012678 [info ] [MainThread]: dbt version: 1.11.7
[0m20:11:34.012678 [info ] [MainThread]: python version: 3.12.11
[0m20:11:34.013678 [info ] [MainThread]: python path: C:\Users\patry\Repos\dbt-course\.venv\Scripts\python.exe
[0m20:11:34.013678 [info ] [MainThread]: os info: Windows-11-10.0.26200-SP0
[0m20:11:34.013678 [info ] [MainThread]: Using profiles dir at C:\Users\patry\.dbt
[0m20:11:34.014680 [info ] [MainThread]: Using profiles.yml file at C:\Users\patry\.dbt\profiles.yml
[0m20:11:34.014680 [info ] [MainThread]: Using dbt_project.yml file at C:\Users\patry\Repos\dbt-course\dbt_project.yml
[0m20:11:34.014680 [info ] [MainThread]: Configuration:
[0m20:11:34.015679 [info ] [MainThread]:   profiles.yml file [[31mERROR not found[0m]
[0m20:11:34.015679 [info ] [MainThread]:   dbt_project.yml file [[31mERROR not found[0m]
[0m20:11:34.015679 [info ] [MainThread]: Required dependencies:
[0m20:11:34.015679 [debug] [MainThread]: Executing "git --help"
[0m20:11:34.044678 [debug] [MainThread]: STDOUT: "b"usage: git [-v | --version] [-h | --help] [-C <path>] [-c <name>=<value>]\n           [--exec-path[=<path>]] [--html-path] [--man-path] [--info-path]\n           [-p | --paginate | -P | --no-pager] [--no-replace-objects] [--no-lazy-fetch]\n           [--no-optional-locks] [--no-advice] [--bare] [--git-dir=<path>]\n           [--work-tree=<path>] [--namespace=<name>] [--config-env=<name>=<envvar>]\n           <command> [<args>]\n\nThese are common Git commands used in various situations:\n\nstart a working area (see also: git help tutorial)\n   clone      Clone a repository into a new directory\n   init       Create an empty Git repository or reinitialize an existing one\n\nwork on the current change (see also: git help everyday)\n   add        Add file contents to the index\n   mv         Move or rename a file, a directory, or a symlink\n   restore    Restore working tree files\n   rm         Remove files from the working tree and from the index\n\nexamine the history and state (see also: git help revisions)\n   bisect     Use binary search to find the commit that introduced a bug\n   diff       Show changes between commits, commit and working tree, etc\n   grep       Print lines matching a pattern\n   log        Show commit logs\n   show       Show various types of objects\n   status     Show the working tree status\n\ngrow, mark and tweak your common history\n   backfill   Download missing objects in a partial clone\n   branch     List, create, or delete branches\n   commit     Record changes to the repository\n   merge      Join two or more development histories together\n   rebase     Reapply commits on top of another base tip\n   reset      Reset current HEAD to the specified state\n   switch     Switch branches\n   tag        Create, list, delete or verify tags\n\ncollaborate (see also: git help workflows)\n   fetch      Download objects and refs from another repository\n   pull       Fetch from and integrate with another repository or a local branch\n   push       Update remote refs along with associated objects\n\n'git help -a' and 'git help -g' list available subcommands and some\nconcept guides. See 'git help <command>' or 'git help <concept>'\nto read about a specific subcommand or concept.\nSee 'git help git' for an overview of the system.\n""
[0m20:11:34.044678 [debug] [MainThread]: STDERR: "b''"
[0m20:11:34.045679 [info ] [MainThread]:  - git [[32mOK found[0m]

[0m20:11:34.045679 [info ] [MainThread]: Connection test skipped since no profile was found
[0m20:11:34.045679 [info ] [MainThread]: [31m2 checks failed:[0m
[0m20:11:34.045679 [info ] [MainThread]: dbt looked for a profiles.yml file in C:\Users\patry\.dbt\profiles.yml, but did
not find one. For more information on configuring your profile, consult the
documentation:

https://docs.getdbt.com/docs/configure-your-profile


[0m20:11:34.046677 [info ] [MainThread]: Project loading failed for the following reason:
 project path <C:\Users\patry\Repos\dbt-course\dbt_project.yml> not found

[0m20:11:34.046677 [debug] [MainThread]: Command `dbt debug` failed at 20:11:34.046677 after 0.15 seconds
[0m20:11:34.046677 [debug] [MainThread]: Sending event: {'category': 'dbt', 'action': 'invocation', 'label': 'end', 'context': [<snowplow_tracker.self_describing_json.SelfDescribingJson object at 0x00000218DB2B7050>, <snowplow_tracker.self_describing_json.SelfDescribingJson object at 0x00000218DB2E1820>, <snowplow_tracker.self_describing_json.SelfDescribingJson object at 0x00000218DB2E14C0>]}
[0m20:11:34.046677 [debug] [MainThread]: Flushing usage events
[0m20:11:34.795827 [debug] [MainThread]: An error was encountered while trying to flush usage events
